<?xml version="1.0" encoding="UTF-8"?>
<Site BuildName="Win32-MSBuild"
	BuildStamp="20230824-1605-Experimental"
	Name="BOGDAN-PC"
	Generator="ctest-3.20.21032501-MSVC_2"
	CompilerName="C:/Program Files (x86)/Microsoft Visual Studio/2019/Enterprise/VC/Tools/MSVC/14.29.30133/bin/Hostx64/x64/cl.exe"
	CompilerVersion="19.29.30151.0"
	OSName="Windows"
	Hostname="BOGDAN-PC"
	OSRelease=" Personal"
	OSVersion=" (Build 19045)"
	OSPlatform="AMD64"
	Is64Bits="1"
	VendorString="GenuineIntel"
	VendorID="Intel Corporation"
	FamilyID="6"
	ModelID="13"
	ProcessorCacheSize="-1"
	NumberOfLogicalCPU="12"
	NumberOfPhysicalCPU="6"
	TotalVirtualMemory="24325"
	TotalPhysicalMemory="16163"
	LogicalProcessorsPerPhysical="2"
	ProcessorClockFrequency="2688"
	>
	<Testing>
		<StartDateTime>Aug 24 21:33 [NON-UTF-8-BYTE-0xD1][NON-UTF-8-BYTE-0xE0][NON-UTF-8-BYTE-0xF0][NON-UTF-8-BYTE-0xE0][NON-UTF-8-BYTE-0xF2][NON-UTF-8-BYTE-0xEE][NON-UTF-8-BYTE-0xE2] ([NON-UTF-8-BYTE-0xE7][NON-UTF-8-BYTE-0xE8][NON-UTF-8-BYTE-0xEC][NON-UTF-8-BYTE-0xE0])</StartDateTime>
		<StartTestTime>1692898417</StartTestTime>
		<TestList/>
		<EndDateTime>Aug 24 21:33 [NON-UTF-8-BYTE-0xD1][NON-UTF-8-BYTE-0xE0][NON-UTF-8-BYTE-0xF0][NON-UTF-8-BYTE-0xE0][NON-UTF-8-BYTE-0xF2][NON-UTF-8-BYTE-0xEE][NON-UTF-8-BYTE-0xE2] ([NON-UTF-8-BYTE-0xE7][NON-UTF-8-BYTE-0xE8][NON-UTF-8-BYTE-0xEC][NON-UTF-8-BYTE-0xE0])</EndDateTime>
		<EndTestTime>1692898417</EndTestTime>
		<ElapsedMinutes>0</ElapsedMinutes>
	</Testing>
</Site>
